<?xml version="1.0" encoding="UTF-8"?>
<!-- Generated by org.testng.reporters.JUnitReportReporter -->
<testsuite name="WebAppTest.HomePageTest" tests="1" time="5.253" ignored="0" failures="0" timestamp="07 Nov 2017 13:11:43 GMT" skipped="0" hostname="DESKTOP-8051JJ9" errors="0">
  <testcase name="testHomePage" time="5.253" classname="WebAppTest.HomePageTest"/>
</testsuite> <!-- WebAppTest.HomePageTest -->
